{
  "RSpec": {
    "coverage": {
      "/home/slon/mounted/projects/worktest/fun-box/currency_monitor/app/helpers/application_helper.rb": {
        "lines": [
          1,
          null
        ]
      },
      "/home/slon/mounted/projects/worktest/fun-box/currency_monitor/app/helpers/watcher_helper.rb": {
        "lines": [
          1,
          null
        ]
      },
      "/home/slon/mounted/projects/worktest/fun-box/currency_monitor/app/controllers/watcher_controller.rb": {
        "lines": [
          null,
          1,
          1,
          null,
          null
        ]
      },
      "/home/slon/mounted/projects/worktest/fun-box/currency_monitor/app/controllers/application_controller.rb": {
        "lines": [
          1,
          null
        ]
      },
      "/home/slon/mounted/projects/worktest/fun-box/currency_monitor/app/channels/application_cable/channel.rb": {
        "lines": [
          0,
          0,
          0,
          0
        ],
        "branches": {
        }
      },
      "/home/slon/mounted/projects/worktest/fun-box/currency_monitor/app/channels/application_cable/connection.rb": {
        "lines": [
          0,
          0,
          0,
          0
        ],
        "branches": {
        }
      },
      "/home/slon/mounted/projects/worktest/fun-box/currency_monitor/app/jobs/application_job.rb": {
        "lines": [
          0,
          null,
          null,
          null,
          null,
          null,
          0
        ],
        "branches": {
        }
      },
      "/home/slon/mounted/projects/worktest/fun-box/currency_monitor/app/mailers/application_mailer.rb": {
        "lines": [
          0,
          0,
          0,
          0
        ],
        "branches": {
        }
      },
      "/home/slon/mounted/projects/worktest/fun-box/currency_monitor/app/models/application_record.rb": {
        "lines": [
          0,
          0,
          0
        ],
        "branches": {
        }
      }
    },
    "timestamp": 1589766144
  }
}
